<?xml version="1.0" encoding="UTF-8" ?>
<testsuite tests="4" failures="0" name="cucumberTestRunner.runTest" time="0.017" errors="0" skipped="2">
  <properties>
[...]
</properties>
  <testcase classname="Scenario: Successful logon to wordpress website" name="Given user visits wordpress login page with credentials" time="0.003"/>
  <testcase classname="Scenario: Successful logon to wordpress website" name="Then he is successfully able to logon" time="0.004">
    <skipped/>
  </testcase>
  <testcase classname="Scenario: Successful logon to wordpress website" name="Scenario: Successful logon to wordpress website" time="0.005">
    <skipped/>
  </testcase>
  <testcase classname="Scenario: Successful logon to wordpress website" name="Scenario: Successful logon to wordpress website" time="0.005"/>
</testsuite>